Flow report for OldDriver_cpu_debugger
Sun May 15 05:48:06 2016
Quartus II Version 9.0 Build 132 02/25/2009 SJ Web Edition


---------------------
; Table of Contents ;
---------------------
  1. Legal Notice
  2. Flow Summary
  3. Flow Settings
  4. Flow Non-Default Global Settings
  5. Flow Elapsed Time
  6. Flow OS Summary
  7. Flow Log



----------------
; Legal Notice ;
----------------
Copyright (C) 1991-2009 Altera Corporation
Your use of Altera Corporation's design tools, logic functions 
and other software and tools, and its AMPP partner logic 
functions, and any output files from any of the foregoing 
(including device programming or simulation files), and any 
associated documentation or information are expressly subject 
to the terms and conditions of the Altera Program License 
Subscription Agreement, Altera MegaCore Function License 
Agreement, or other applicable license agreement, including, 
without limitation, that your use is for the sole purpose of 
programming logic devices manufactured by Altera and sold by 
Altera or its authorized distributors.  Please refer to the 
applicable agreement for further details.



+-------------------------------------------------------------------------+
; Flow Summary                                                            ;
+-------------------------------+-----------------------------------------+
; Flow Status                   ; Flow Failed - Sun May 15 05:48:06 2016  ;
; Quartus II Version            ; 9.0 Build 132 02/25/2009 SJ Web Edition ;
; Revision Name                 ; OldDriver_cpu_debugger                  ;
; Top-level Entity Name         ; TOP2                                    ;
; Family                        ; Stratix III                             ;
; Device                        ; EP3SE50F484I3                           ;
; Timing Models                 ; Final                                   ;
; Met timing requirements       ; N/A                                     ;
; Logic utilization             ; N/A until Partition Merge               ;
;     Combinational ALUTs       ; N/A until Partition Merge               ;
;     Memory ALUTs              ; N/A until Partition Merge               ;
;     Dedicated logic registers ; N/A until Partition Merge               ;
; Total registers               ; N/A until Partition Merge               ;
; Total pins                    ; N/A until Partition Merge               ;
; Total virtual pins            ; N/A until Partition Merge               ;
; Total block memory bits       ; N/A until Partition Merge               ;
; DSP block 18-bit elements     ; N/A until Partition Merge               ;
; Total PLLs                    ; N/A until Partition Merge               ;
; Total DLLs                    ; N/A until Partition Merge               ;
+-------------------------------+-----------------------------------------+


+--------------------------------------------+
; Flow Settings                              ;
+-------------------+------------------------+
; Option            ; Setting                ;
+-------------------+------------------------+
; Start date & time ; 05/15/2016 05:48:04    ;
; Main task         ; Compilation            ;
; Revision Name     ; OldDriver_cpu_debugger ;
+-------------------+------------------------+


+----------------------------------------------------------------------------------------------------------------------------+
; Flow Non-Default Global Settings                                                                                           ;
+------------------------------------+-------------------------------+------------------------+-------------+----------------+
; Assignment Name                    ; Value                         ; Default Value          ; Entity Name ; Section Id     ;
+------------------------------------+-------------------------------+------------------------+-------------+----------------+
; COMPILER_SIGNATURE_ID              ; 8796762129815.146326248305920 ; --                     ; --          ; --             ;
; MAX_CORE_JUNCTION_TEMP             ; 100                           ; --                     ; --          ; --             ;
; MIN_CORE_JUNCTION_TEMP             ; -40                           ; --                     ; --          ; --             ;
; NOMINAL_CORE_SUPPLY_VOLTAGE        ; 1.1V                          ; --                     ; --          ; --             ;
; PARTITION_COLOR                    ; 16764057                      ; --                     ; TOP2        ; Top            ;
; PARTITION_NETLIST_TYPE             ; SOURCE                        ; --                     ; TOP2        ; Top            ;
; TOP_LEVEL_ENTITY                   ; TOP2                          ; OldDriver_cpu_debugger ; --          ; --             ;
; USE_GENERATED_PHYSICAL_CONSTRAINTS ; Off                           ; --                     ; --          ; eda_blast_fpga ;
+------------------------------------+-------------------------------+------------------------+-------------+----------------+


+--------------------------------------------------------------------------------------------------------------------------+
; Flow Elapsed Time                                                                                                        ;
+----------------------+--------------+-------------------------+---------------------+------------------------------------+
; Module Name          ; Elapsed Time ; Average Processors Used ; Peak Virtual Memory ; Total CPU Time (on all processors) ;
+----------------------+--------------+-------------------------+---------------------+------------------------------------+
; Analysis & Synthesis ; 00:00:03     ; 1.0                     ; 188 MB              ; 00:00:01                           ;
; Total                ; 00:00:03     ; --                      ; --                  ; 00:00:01                           ;
+----------------------+--------------+-------------------------+---------------------+------------------------------------+


+------------------------------------------------------------------------------------+
; Flow OS Summary                                                                    ;
+----------------------+------------------+------------+------------+----------------+
; Module Name          ; Machine Hostname ; OS Name    ; OS Version ; Processor type ;
+----------------------+------------------+------------+------------+----------------+
; Analysis & Synthesis ; 2255-b8bca85ff3  ; Windows XP ; 5.1        ; i686           ;
+----------------------+------------------+------------+------------+----------------+


------------
; Flow Log ;
------------
quartus_map --read_settings_files=on --write_settings_files=off OldDriver_cpu_debugger -c OldDriver_cpu_debugger



