This is XeTeX, Version 3.1415926-2.5-0.9999.3 (TeX Live 2013) (format=xelatex 2014.10.25)  15 MAY 2016 13:22
entering extended mode
 restricted \write18 enabled.
 %&-line parsing enabled.
**work.tex
(/usr/local/texlive/2013/texmf-dist/tex/latex/tools/q.tex
! Interruption.
<to be read again> 
                   \begingroup 
l.1 
    %%
? q
OK, entering \batchmode...
LaTeX2e <2011/06/27>
Babel <3.9f> and hyphenation patterns for 78 languages loaded.
 File ignored
)
! Emergency stop.
<*> work.tex
            
*** (job aborted, no legal \end found)

 
Here is how much of TeX's memory you used:
 6 strings out of 493938
 173 string characters out of 6148856
 51899 words of memory out of 5000000
 3408 multiletter control sequences out of 15000+600000
 3640 words of font info for 14 fonts, out of 8000000 for 9000
 1144 hyphenation exceptions out of 8191
 5i,0n,1p,88b,8s stack positions out of 5000i,500n,10000p,200000b,80000s
No pages of output.
