--------------------------------------------------------------------------------
Release 14.7 Trace  (nt)
Copyright (c) 1995-2013 Xilinx, Inc.  All rights reserved.

Z:\14.7\ISE_DS\ISE\bin\nt\unwrapped\trce.exe -intstyle ise -v 3 -s 2 -n 3
-fastpaths -xml TOP2.twx TOP2.ncd -o TOP2.twr TOP2.pcf -ucf TOP2.ucf

Design file:              TOP2.ncd
Physical constraint file: TOP2.pcf
Device,package,speed:     xc6slx100,fgg676,C,-2 (PRODUCTION 1.23 2013-10-13)
Report level:             verbose report

Environment Variable      Effect 
--------------------      ------ 
NONE                      No environment variables were set
--------------------------------------------------------------------------------

INFO:Timing:2698 - No timing constraints found, doing default enumeration.
INFO:Timing:3412 - To improve timing, see the Timing Closure User Guide (UG612).
INFO:Timing:2752 - To get complete path coverage, use the unconstrained paths 
   option. All paths that are not constrained will be reported in the 
   unconstrained paths section(s) of the report.
INFO:Timing:3339 - The clock-to-out numbers in this timing report are based on 
   a 50 Ohm transmission line loading model.  For the details of this model, 
   and for more information on accounting for different loading conditions, 
   please see the device datasheet.



Data Sheet report:
-----------------
All values displayed in nanoseconds (ns)

Setup/Hold to clock clkin
----------------+------------+------------+------------+------------+------------------+--------+
                |Max Setup to|  Process   |Max Hold to |  Process   |                  | Clock  |
Source          | clk (edge) |   Corner   | clk (edge) |   Corner   |Internal Clock(s) | Phase  |
----------------+------------+------------+------------+------------+------------------+--------+
baseram_data<0> |    7.598(R)|      SLOW  |   -2.724(R)|      FAST  |clk12M5           |   0.000|
                |    9.677(F)|      SLOW  |   -4.735(F)|      FAST  |clk12M5           |   0.000|
baseram_data<1> |    9.105(R)|      SLOW  |   -3.869(R)|      FAST  |clk12M5           |   0.000|
                |   10.294(F)|      SLOW  |   -4.974(F)|      FAST  |clk12M5           |   0.000|
baseram_data<2> |    7.758(R)|      SLOW  |   -3.291(R)|      FAST  |clk12M5           |   0.000|
                |   12.238(F)|      SLOW  |   -6.151(F)|      FAST  |clk12M5           |   0.000|
baseram_data<3> |    8.731(R)|      SLOW  |   -3.645(R)|      FAST  |clk12M5           |   0.000|
                |   10.838(F)|      SLOW  |   -5.270(F)|      FAST  |clk12M5           |   0.000|
baseram_data<4> |    8.828(R)|      SLOW  |   -3.958(R)|      FAST  |clk12M5           |   0.000|
                |   12.113(F)|      SLOW  |   -6.077(F)|      FAST  |clk12M5           |   0.000|
baseram_data<5> |    6.645(R)|      SLOW  |   -2.466(R)|      FAST  |clk12M5           |   0.000|
                |    8.779(F)|      SLOW  |   -4.203(F)|      FAST  |clk12M5           |   0.000|
baseram_data<6> |    7.840(R)|      SLOW  |   -3.250(R)|      FAST  |clk12M5           |   0.000|
                |    8.660(F)|      SLOW  |   -4.107(F)|      FAST  |clk12M5           |   0.000|
baseram_data<7> |    8.140(R)|      SLOW  |   -3.300(R)|      FAST  |clk12M5           |   0.000|
                |   12.122(F)|      SLOW  |   -6.080(F)|      FAST  |clk12M5           |   0.000|
baseram_data<8> |    7.872(R)|      SLOW  |   -3.219(R)|      FAST  |clk12M5           |   0.000|
                |   12.134(F)|      SLOW  |   -6.154(F)|      FAST  |clk12M5           |   0.000|
baseram_data<9> |    7.919(R)|      SLOW  |   -3.430(R)|      FAST  |clk12M5           |   0.000|
                |   11.256(F)|      SLOW  |   -5.624(F)|      FAST  |clk12M5           |   0.000|
baseram_data<10>|    7.749(R)|      SLOW  |   -2.870(R)|      FAST  |clk12M5           |   0.000|
                |   10.499(F)|      SLOW  |   -5.003(F)|      FAST  |clk12M5           |   0.000|
baseram_data<11>|    9.137(R)|      SLOW  |   -3.667(R)|      FAST  |clk12M5           |   0.000|
                |   10.023(F)|      SLOW  |   -4.808(F)|      FAST  |clk12M5           |   0.000|
baseram_data<12>|    8.814(R)|      SLOW  |   -2.736(R)|      FAST  |clk12M5           |   0.000|
                |    9.882(F)|      SLOW  |   -4.761(F)|      FAST  |clk12M5           |   0.000|
baseram_data<13>|    8.244(R)|      SLOW  |   -3.225(R)|      FAST  |clk12M5           |   0.000|
                |    9.218(F)|      SLOW  |   -4.455(F)|      FAST  |clk12M5           |   0.000|
baseram_data<14>|    8.358(R)|      SLOW  |   -3.282(R)|      FAST  |clk12M5           |   0.000|
                |   10.689(F)|      SLOW  |   -5.334(F)|      FAST  |clk12M5           |   0.000|
baseram_data<15>|    7.813(R)|      SLOW  |   -3.166(R)|      FAST  |clk12M5           |   0.000|
                |   11.351(F)|      SLOW  |   -5.821(F)|      FAST  |clk12M5           |   0.000|
baseram_data<16>|    8.700(R)|      SLOW  |   -3.742(R)|      FAST  |clk12M5           |   0.000|
                |   11.264(F)|      SLOW  |   -5.679(F)|      FAST  |clk12M5           |   0.000|
baseram_data<17>|    8.461(R)|      SLOW  |   -3.040(R)|      FAST  |clk12M5           |   0.000|
                |   10.420(F)|      SLOW  |   -5.194(F)|      FAST  |clk12M5           |   0.000|
baseram_data<18>|    6.908(R)|      SLOW  |   -2.473(R)|      FAST  |clk12M5           |   0.000|
                |    8.392(F)|      SLOW  |   -3.931(F)|      FAST  |clk12M5           |   0.000|
baseram_data<19>|    7.890(R)|      SLOW  |   -2.886(R)|      FAST  |clk12M5           |   0.000|
                |    8.112(F)|      SLOW  |   -3.882(F)|      FAST  |clk12M5           |   0.000|
baseram_data<20>|    7.276(R)|      SLOW  |   -3.108(R)|      FAST  |clk12M5           |   0.000|
                |   10.081(F)|      SLOW  |   -4.975(F)|      FAST  |clk12M5           |   0.000|
baseram_data<21>|    8.759(R)|      SLOW  |   -2.795(R)|      FAST  |clk12M5           |   0.000|
                |    9.802(F)|      SLOW  |   -4.926(F)|      FAST  |clk12M5           |   0.000|
baseram_data<22>|    8.586(R)|      SLOW  |   -3.787(R)|      FAST  |clk12M5           |   0.000|
                |   12.594(F)|      SLOW  |   -6.534(F)|      FAST  |clk12M5           |   0.000|
baseram_data<23>|    8.433(R)|      SLOW  |   -3.917(R)|      FAST  |clk12M5           |   0.000|
                |   10.205(F)|      SLOW  |   -5.037(F)|      FAST  |clk12M5           |   0.000|
baseram_data<24>|    8.341(R)|      SLOW  |   -3.067(R)|      FAST  |clk12M5           |   0.000|
                |   11.134(F)|      SLOW  |   -5.647(F)|      FAST  |clk12M5           |   0.000|
baseram_data<25>|    8.556(R)|      SLOW  |   -3.432(R)|      FAST  |clk12M5           |   0.000|
                |   11.030(F)|      SLOW  |   -5.542(F)|      FAST  |clk12M5           |   0.000|
baseram_data<26>|    8.265(R)|      SLOW  |   -3.084(R)|      FAST  |clk12M5           |   0.000|
                |    9.672(F)|      SLOW  |   -4.699(F)|      FAST  |clk12M5           |   0.000|
baseram_data<27>|    8.085(R)|      SLOW  |   -3.161(R)|      FAST  |clk12M5           |   0.000|
                |   10.530(F)|      SLOW  |   -5.133(F)|      FAST  |clk12M5           |   0.000|
baseram_data<28>|    8.063(R)|      SLOW  |   -3.091(R)|      FAST  |clk12M5           |   0.000|
                |    9.370(F)|      SLOW  |   -4.556(F)|      FAST  |clk12M5           |   0.000|
baseram_data<29>|    7.814(R)|      SLOW  |   -3.388(R)|      FAST  |clk12M5           |   0.000|
                |   14.166(F)|      SLOW  |   -7.395(F)|      FAST  |clk12M5           |   0.000|
baseram_data<30>|    8.795(R)|      SLOW  |   -3.011(R)|      FAST  |clk12M5           |   0.000|
                |   10.557(F)|      SLOW  |   -5.120(F)|      FAST  |clk12M5           |   0.000|
baseram_data<31>|    8.631(R)|      SLOW  |   -2.770(R)|      FAST  |clk12M5           |   0.000|
                |    9.909(F)|      SLOW  |   -4.817(F)|      FAST  |clk12M5           |   0.000|
extrram_data<0> |   10.330(R)|      SLOW  |   -4.503(R)|      FAST  |clk12M5           |   0.000|
                |   12.047(F)|      SLOW  |   -6.337(F)|      FAST  |clk12M5           |   0.000|
extrram_data<1> |   12.547(R)|      SLOW  |   -5.796(R)|      FAST  |clk12M5           |   0.000|
                |   11.693(F)|      SLOW  |   -5.888(F)|      FAST  |clk12M5           |   0.000|
extrram_data<2> |    9.933(R)|      SLOW  |   -4.478(R)|      FAST  |clk12M5           |   0.000|
                |   14.800(F)|      SLOW  |   -7.792(F)|      FAST  |clk12M5           |   0.000|
extrram_data<3> |    9.124(R)|      SLOW  |   -4.333(R)|      FAST  |clk12M5           |   0.000|
                |   12.269(F)|      SLOW  |   -6.418(F)|      FAST  |clk12M5           |   0.000|
extrram_data<4> |    9.637(R)|      SLOW  |   -3.954(R)|      FAST  |clk12M5           |   0.000|
                |   12.406(F)|      SLOW  |   -6.153(F)|      FAST  |clk12M5           |   0.000|
extrram_data<5> |   11.175(R)|      SLOW  |   -4.752(R)|      FAST  |clk12M5           |   0.000|
                |   10.801(F)|      SLOW  |   -5.478(F)|      FAST  |clk12M5           |   0.000|
extrram_data<6> |   10.252(R)|      SLOW  |   -3.951(R)|      FAST  |clk12M5           |   0.000|
                |    9.995(F)|      SLOW  |   -4.981(F)|      FAST  |clk12M5           |   0.000|
extrram_data<7> |   10.322(R)|      SLOW  |   -4.285(R)|      FAST  |clk12M5           |   0.000|
                |   12.960(F)|      SLOW  |   -6.645(F)|      FAST  |clk12M5           |   0.000|
extrram_data<8> |    6.794(R)|      SLOW  |   -2.605(R)|      FAST  |clk12M5           |   0.000|
                |    9.133(F)|      SLOW  |   -4.374(F)|      FAST  |clk12M5           |   0.000|
extrram_data<9> |    6.484(R)|      SLOW  |   -2.551(R)|      FAST  |clk12M5           |   0.000|
                |    9.987(F)|      SLOW  |   -4.678(F)|      FAST  |clk12M5           |   0.000|
extrram_data<10>|    7.480(R)|      SLOW  |   -2.882(R)|      FAST  |clk12M5           |   0.000|
                |    9.628(F)|      SLOW  |   -4.738(F)|      FAST  |clk12M5           |   0.000|
extrram_data<11>|    8.504(R)|      SLOW  |   -3.976(R)|      FAST  |clk12M5           |   0.000|
                |   10.220(F)|      SLOW  |   -4.948(F)|      FAST  |clk12M5           |   0.000|
extrram_data<12>|    7.050(R)|      SLOW  |   -2.050(R)|      FAST  |clk12M5           |   0.000|
                |    7.564(F)|      SLOW  |   -3.306(F)|      FAST  |clk12M5           |   0.000|
extrram_data<13>|    8.137(R)|      SLOW  |   -3.223(R)|      FAST  |clk12M5           |   0.000|
                |    9.205(F)|      SLOW  |   -4.471(F)|      FAST  |clk12M5           |   0.000|
extrram_data<14>|    6.290(R)|      SLOW  |   -2.295(R)|      FAST  |clk12M5           |   0.000|
                |    7.559(F)|      SLOW  |   -3.463(F)|      FAST  |clk12M5           |   0.000|
extrram_data<15>|    6.373(R)|      SLOW  |   -1.851(R)|      FAST  |clk12M5           |   0.000|
                |    7.609(F)|      SLOW  |   -3.416(F)|      FAST  |clk12M5           |   0.000|
extrram_data<16>|    9.006(R)|      SLOW  |   -4.098(R)|      FAST  |clk12M5           |   0.000|
                |   13.041(F)|      SLOW  |   -6.976(F)|      FAST  |clk12M5           |   0.000|
extrram_data<17>|   10.504(R)|      SLOW  |   -4.386(R)|      FAST  |clk12M5           |   0.000|
                |   12.208(F)|      SLOW  |   -6.438(F)|      FAST  |clk12M5           |   0.000|
extrram_data<18>|    8.514(R)|      SLOW  |   -3.763(R)|      FAST  |clk12M5           |   0.000|
                |   10.661(F)|      SLOW  |   -5.287(F)|      FAST  |clk12M5           |   0.000|
extrram_data<19>|    7.870(R)|      SLOW  |   -3.109(R)|      FAST  |clk12M5           |   0.000|
                |   13.701(F)|      SLOW  |   -6.908(F)|      FAST  |clk12M5           |   0.000|
extrram_data<20>|    9.474(R)|      SLOW  |   -4.744(R)|      FAST  |clk12M5           |   0.000|
                |   12.055(F)|      SLOW  |   -6.397(F)|      FAST  |clk12M5           |   0.000|
extrram_data<21>|    9.171(R)|      SLOW  |   -3.376(R)|      FAST  |clk12M5           |   0.000|
                |   10.981(F)|      SLOW  |   -5.690(F)|      FAST  |clk12M5           |   0.000|
extrram_data<22>|    7.869(R)|      SLOW  |   -3.149(R)|      FAST  |clk12M5           |   0.000|
                |   12.026(F)|      SLOW  |   -6.243(F)|      FAST  |clk12M5           |   0.000|
extrram_data<23>|    8.978(R)|      SLOW  |   -4.220(R)|      FAST  |clk12M5           |   0.000|
                |   10.373(F)|      SLOW  |   -5.107(F)|      FAST  |clk12M5           |   0.000|
extrram_data<24>|    7.394(R)|      SLOW  |   -3.437(R)|      FAST  |clk12M5           |   0.000|
                |   10.815(F)|      SLOW  |   -5.495(F)|      FAST  |clk12M5           |   0.000|
extrram_data<25>|    8.267(R)|      SLOW  |   -2.784(R)|      FAST  |clk12M5           |   0.000|
                |   10.087(F)|      SLOW  |   -4.963(F)|      FAST  |clk12M5           |   0.000|
extrram_data<26>|    7.704(R)|      SLOW  |   -2.893(R)|      FAST  |clk12M5           |   0.000|
                |    8.355(F)|      SLOW  |   -3.913(F)|      FAST  |clk12M5           |   0.000|
extrram_data<27>|    6.826(R)|      SLOW  |   -2.727(R)|      FAST  |clk12M5           |   0.000|
                |    9.340(F)|      SLOW  |   -4.499(F)|      FAST  |clk12M5           |   0.000|
extrram_data<28>|    6.892(R)|      SLOW  |   -2.946(R)|      FAST  |clk12M5           |   0.000|
                |   10.977(F)|      SLOW  |   -5.433(F)|      FAST  |clk12M5           |   0.000|
extrram_data<29>|    7.233(R)|      SLOW  |   -2.873(R)|      FAST  |clk12M5           |   0.000|
                |    8.214(F)|      SLOW  |   -3.815(F)|      FAST  |clk12M5           |   0.000|
extrram_data<30>|    9.271(R)|      SLOW  |   -3.094(R)|      FAST  |clk12M5           |   0.000|
                |   10.256(F)|      SLOW  |   -5.158(F)|      FAST  |clk12M5           |   0.000|
extrram_data<31>|    8.302(R)|      SLOW  |   -2.128(R)|      FAST  |clk12M5           |   0.000|
                |    6.793(F)|      SLOW  |   -3.006(F)|      FAST  |clk12M5           |   0.000|
rst             |   25.912(R)|      SLOW  |   -1.044(R)|      FAST  |clk12M5           |   0.000|
                |   20.995(F)|      SLOW  |   -4.168(F)|      FAST  |clk12M5           |   0.000|
                |   22.717(R)|      SLOW  |   -8.678(R)|      FAST  |clk50M            |   0.000|
----------------+------------+------------+------------+------------+------------------+--------+

Setup/Hold to clock ps2clk
------------+------------+------------+------------+------------+------------------+--------+
            |Max Setup to|  Process   |Max Hold to |  Process   |                  | Clock  |
Source      | clk (edge) |   Corner   | clk (edge) |   Corner   |Internal Clock(s) | Phase  |
------------+------------+------------+------------+------------+------------------+--------+
RxD         |    1.141(R)|      SLOW  |   -0.132(R)|      SLOW  |ps2clk_BUFGP      |   0.000|
U_RxD       |    1.597(R)|      SLOW  |   -0.574(R)|      SLOW  |ps2clk_BUFGP      |   0.000|
kbd_data<0> |    3.609(R)|      SLOW  |    2.124(R)|      SLOW  |ps2clk_BUFGP      |   0.000|
kbd_data<1> |    2.589(R)|      SLOW  |    2.280(R)|      SLOW  |ps2clk_BUFGP      |   0.000|
kbd_data<2> |    2.460(R)|      SLOW  |    2.119(R)|      SLOW  |ps2clk_BUFGP      |   0.000|
kbd_data<3> |    3.205(R)|      SLOW  |    2.126(R)|      SLOW  |ps2clk_BUFGP      |   0.000|
kbd_enb_hi  |    3.362(R)|      SLOW  |   -0.988(R)|      SLOW  |ps2clk_BUFGP      |   0.000|
kbd_enb_lo  |    7.709(R)|      SLOW  |    0.440(R)|      SLOW  |ps2clk_BUFGP      |   0.000|
rst         |   19.209(R)|      SLOW  |   -6.184(R)|      FAST  |ps2clk_BUFGP      |   0.000|
            |   19.095(F)|      SLOW  |   -6.491(F)|      FAST  |ps2clk_BUFGP      |   0.000|
------------+------------+------------+------------+------------+------------------+--------+

Clock clkin to Pad
----------------+-----------------+------------+-----------------+------------+------------------+--------+
                |Max (slowest) clk|  Process   |Min (fastest) clk|  Process   |                  | Clock  |
Destination     |  (edge) to PAD  |   Corner   |  (edge) to PAD  |   Corner   |Internal Clock(s) | Phase  |
----------------+-----------------+------------+-----------------+------------+------------------+--------+
Debug<0>        |         9.884(R)|      SLOW  |         5.105(R)|      FAST  |clk12M5           |   0.000|
Debug<1>        |        10.195(R)|      SLOW  |         5.308(R)|      FAST  |clk12M5           |   0.000|
Debug<2>        |        10.115(R)|      SLOW  |         5.246(R)|      FAST  |clk12M5           |   0.000|
Debug<3>        |        10.627(R)|      SLOW  |         5.530(R)|      FAST  |clk12M5           |   0.000|
Debug<4>        |         9.316(R)|      SLOW  |         4.799(R)|      FAST  |clk12M5           |   0.000|
Debug<5>        |        10.178(R)|      SLOW  |         5.356(R)|      FAST  |clk12M5           |   0.000|
Debug<6>        |        12.023(R)|      SLOW  |         6.381(R)|      FAST  |clk12M5           |   0.000|
Debug<7>        |        10.251(R)|      SLOW  |         5.353(R)|      FAST  |clk12M5           |   0.000|
Debug<8>        |        10.844(R)|      SLOW  |         5.830(R)|      FAST  |clk12M5           |   0.000|
Debug<9>        |        13.160(R)|      SLOW  |         7.212(R)|      FAST  |clk12M5           |   0.000|
Debug<10>       |        11.064(R)|      SLOW  |         5.853(R)|      FAST  |clk12M5           |   0.000|
Debug<11>       |        12.009(R)|      SLOW  |         6.514(R)|      FAST  |clk12M5           |   0.000|
Debug<12>       |        11.797(R)|      SLOW  |         6.423(R)|      FAST  |clk12M5           |   0.000|
Debug<13>       |        10.944(R)|      SLOW  |         5.782(R)|      FAST  |clk12M5           |   0.000|
Debug<14>       |        10.747(R)|      SLOW  |         5.702(R)|      FAST  |clk12M5           |   0.000|
Debug<15>       |        10.254(R)|      SLOW  |         5.430(R)|      FAST  |clk12M5           |   0.000|
bOut<0>         |        19.835(R)|      SLOW  |         5.198(R)|      FAST  |clk50M            |   0.000|
bOut<1>         |        21.642(R)|      SLOW  |         6.192(R)|      FAST  |clk50M            |   0.000|
bOut<2>         |        20.233(R)|      SLOW  |         5.409(R)|      FAST  |clk50M            |   0.000|
baseram_addr<0> |        15.744(R)|      SLOW  |         5.560(R)|      FAST  |clk12M5           |   0.000|
baseram_addr<1> |        16.239(R)|      SLOW  |         5.859(R)|      FAST  |clk12M5           |   0.000|
baseram_addr<2> |        17.249(R)|      SLOW  |         5.982(R)|      FAST  |clk12M5           |   0.000|
baseram_addr<3> |        16.479(R)|      SLOW  |         5.713(R)|      FAST  |clk12M5           |   0.000|
baseram_addr<4> |        17.481(R)|      SLOW  |         6.556(R)|      FAST  |clk12M5           |   0.000|
baseram_addr<5> |        20.405(R)|      SLOW  |         7.375(R)|      FAST  |clk12M5           |   0.000|
baseram_addr<6> |        22.739(R)|      SLOW  |         9.577(R)|      FAST  |clk12M5           |   0.000|
baseram_addr<7> |        24.279(R)|      SLOW  |        10.255(R)|      FAST  |clk12M5           |   0.000|
baseram_addr<8> |        23.146(R)|      SLOW  |         9.536(R)|      FAST  |clk12M5           |   0.000|
baseram_addr<9> |        24.373(R)|      SLOW  |        10.136(R)|      FAST  |clk12M5           |   0.000|
baseram_addr<10>|        27.352(R)|      SLOW  |         9.710(R)|      FAST  |clk12M5           |   0.000|
                |        23.424(F)|      SLOW  |         8.246(F)|      FAST  |clk12M5           |   0.000|
baseram_addr<11>|        36.971(R)|      SLOW  |        11.526(R)|      FAST  |clk12M5           |   0.000|
                |        33.957(F)|      SLOW  |        11.587(F)|      FAST  |clk12M5           |   0.000|
baseram_addr<12>|        31.257(R)|      SLOW  |         8.167(R)|      FAST  |clk12M5           |   0.000|
                |        28.243(F)|      SLOW  |         8.111(F)|      FAST  |clk12M5           |   0.000|
baseram_addr<13>|        28.194(R)|      SLOW  |         6.703(R)|      FAST  |clk12M5           |   0.000|
                |        25.180(F)|      SLOW  |         6.450(F)|      FAST  |clk12M5           |   0.000|
baseram_addr<14>|        30.128(R)|      SLOW  |         7.794(R)|      FAST  |clk12M5           |   0.000|
                |        27.114(F)|      SLOW  |         7.760(F)|      FAST  |clk12M5           |   0.000|
baseram_addr<15>|        26.583(R)|      SLOW  |         6.061(R)|      FAST  |clk12M5           |   0.000|
                |        23.569(F)|      SLOW  |         5.718(F)|      FAST  |clk12M5           |   0.000|
baseram_addr<16>|        27.553(R)|      SLOW  |         5.842(R)|      FAST  |clk12M5           |   0.000|
                |        24.539(F)|      SLOW  |         6.101(F)|      FAST  |clk12M5           |   0.000|
baseram_addr<17>|        26.282(R)|      SLOW  |         5.504(R)|      FAST  |clk12M5           |   0.000|
                |        23.268(F)|      SLOW  |         5.673(F)|      FAST  |clk12M5           |   0.000|
baseram_addr<18>|        22.943(R)|      SLOW  |         6.449(R)|      FAST  |clk12M5           |   0.000|
                |        19.243(F)|      SLOW  |         5.556(F)|      FAST  |clk12M5           |   0.000|
baseram_addr<19>|        22.319(R)|      SLOW  |         5.228(R)|      FAST  |clk12M5           |   0.000|
                |        18.619(F)|      SLOW  |         5.254(F)|      FAST  |clk12M5           |   0.000|
baseram_data<0> |         9.908(F)|      SLOW  |         1.757(F)|      FAST  |clk12M5           |   0.000|
baseram_data<1> |        10.026(F)|      SLOW  |         1.757(F)|      FAST  |clk12M5           |   0.000|
baseram_data<2> |         9.202(F)|      SLOW  |         1.757(F)|      FAST  |clk12M5           |   0.000|
baseram_data<3> |         9.617(F)|      SLOW  |         1.757(F)|      FAST  |clk12M5           |   0.000|
baseram_data<4> |        10.417(F)|      SLOW  |         1.757(F)|      FAST  |clk12M5           |   0.000|
baseram_data<5> |         9.641(F)|      SLOW  |         1.757(F)|      FAST  |clk12M5           |   0.000|
baseram_data<6> |        11.303(F)|      SLOW  |         1.757(F)|      FAST  |clk12M5           |   0.000|
baseram_data<7> |         9.617(F)|      SLOW  |         1.757(F)|      FAST  |clk12M5           |   0.000|
baseram_data<8> |        15.924(F)|      SLOW  |         1.835(F)|      FAST  |clk12M5           |   0.000|
baseram_data<9> |        15.190(F)|      SLOW  |         1.835(F)|      FAST  |clk12M5           |   0.000|
baseram_data<10>|        15.491(F)|      SLOW  |         1.835(F)|      FAST  |clk12M5           |   0.000|
baseram_data<11>|        14.239(F)|      SLOW  |         1.835(F)|      FAST  |clk12M5           |   0.000|
baseram_data<12>|        14.239(F)|      SLOW  |         1.835(F)|      FAST  |clk12M5           |   0.000|
baseram_data<13>|        16.702(F)|      SLOW  |         1.886(F)|      FAST  |clk12M5           |   0.000|
baseram_data<14>|        16.702(F)|      SLOW  |         1.886(F)|      FAST  |clk12M5           |   0.000|
baseram_data<15>|        16.411(F)|      SLOW  |         1.835(F)|      FAST  |clk12M5           |   0.000|
baseram_data<16>|        11.743(F)|      SLOW  |         1.757(F)|      FAST  |clk12M5           |   0.000|
baseram_data<17>|        11.743(F)|      SLOW  |         1.757(F)|      FAST  |clk12M5           |   0.000|
baseram_data<18>|        10.369(F)|      SLOW  |         1.757(F)|      FAST  |clk12M5           |   0.000|
baseram_data<19>|        10.369(F)|      SLOW  |         1.757(F)|      FAST  |clk12M5           |   0.000|
baseram_data<20>|         8.738(F)|      SLOW  |         1.757(F)|      FAST  |clk12M5           |   0.000|
baseram_data<21>|         8.738(F)|      SLOW  |         1.757(F)|      FAST  |clk12M5           |   0.000|
baseram_data<22>|        10.026(F)|      SLOW  |         1.757(F)|      FAST  |clk12M5           |   0.000|
baseram_data<23>|         9.202(F)|      SLOW  |         1.757(F)|      FAST  |clk12M5           |   0.000|
baseram_data<24>|        16.650(F)|      SLOW  |         1.886(F)|      FAST  |clk12M5           |   0.000|
baseram_data<25>|        16.650(F)|      SLOW  |         1.886(F)|      FAST  |clk12M5           |   0.000|
baseram_data<26>|        15.491(F)|      SLOW  |         1.835(F)|      FAST  |clk12M5           |   0.000|
baseram_data<27>|        15.431(F)|      SLOW  |         1.886(F)|      FAST  |clk12M5           |   0.000|
baseram_data<28>|        15.431(F)|      SLOW  |         1.886(F)|      FAST  |clk12M5           |   0.000|
baseram_data<29>|        14.842(F)|      SLOW  |         1.835(F)|      FAST  |clk12M5           |   0.000|
baseram_data<30>|        15.081(F)|      SLOW  |         1.886(F)|      FAST  |clk12M5           |   0.000|
baseram_data<31>|        15.081(F)|      SLOW  |         1.886(F)|      FAST  |clk12M5           |   0.000|
baseram_oe      |        10.142(R)|      SLOW  |         5.235(R)|      FAST  |clk12M5           |   0.000|
                |        10.362(F)|      SLOW  |         5.304(F)|      FAST  |clk12M5           |   0.000|
baseram_we      |         9.027(R)|      SLOW  |         4.672(R)|      FAST  |clk12M5           |   0.000|
                |         9.635(F)|      SLOW  |         5.047(F)|      FAST  |clk12M5           |   0.000|
extrram_addr<0> |        20.203(R)|      SLOW  |         8.162(R)|      FAST  |clk12M5           |   0.000|
extrram_addr<1> |        15.150(R)|      SLOW  |         5.222(R)|      FAST  |clk12M5           |   0.000|
extrram_addr<2> |        20.801(R)|      SLOW  |         8.067(R)|      FAST  |clk12M5           |   0.000|
extrram_addr<3> |        19.400(R)|      SLOW  |         7.493(R)|      FAST  |clk12M5           |   0.000|
extrram_addr<4> |        21.257(R)|      SLOW  |         8.580(R)|      FAST  |clk12M5           |   0.000|
extrram_addr<5> |        18.770(R)|      SLOW  |         6.428(R)|      FAST  |clk12M5           |   0.000|
extrram_addr<6> |        20.967(R)|      SLOW  |         8.704(R)|      FAST  |clk12M5           |   0.000|
extrram_addr<7> |        20.034(R)|      SLOW  |         7.692(R)|      FAST  |clk12M5           |   0.000|
extrram_addr<8> |        19.710(R)|      SLOW  |         7.453(R)|      FAST  |clk12M5           |   0.000|
extrram_addr<9> |        19.398(R)|      SLOW  |         7.088(R)|      FAST  |clk12M5           |   0.000|
extrram_addr<10>|        28.487(R)|      SLOW  |        10.260(R)|      FAST  |clk12M5           |   0.000|
                |        24.559(F)|      SLOW  |         8.796(F)|      FAST  |clk12M5           |   0.000|
extrram_addr<11>|        31.571(R)|      SLOW  |         8.287(R)|      FAST  |clk12M5           |   0.000|
                |        28.557(F)|      SLOW  |         8.348(F)|      FAST  |clk12M5           |   0.000|
extrram_addr<12>|        30.842(R)|      SLOW  |         7.955(R)|      FAST  |clk12M5           |   0.000|
                |        27.828(F)|      SLOW  |         7.899(F)|      FAST  |clk12M5           |   0.000|
extrram_addr<13>|        31.431(R)|      SLOW  |         8.590(R)|      FAST  |clk12M5           |   0.000|
                |        28.417(F)|      SLOW  |         8.337(F)|      FAST  |clk12M5           |   0.000|
extrram_addr<14>|        30.595(R)|      SLOW  |         8.148(R)|      FAST  |clk12M5           |   0.000|
                |        27.581(F)|      SLOW  |         8.114(F)|      FAST  |clk12M5           |   0.000|
extrram_addr<15>|        27.258(R)|      SLOW  |         6.523(R)|      FAST  |clk12M5           |   0.000|
                |        24.244(F)|      SLOW  |         6.180(F)|      FAST  |clk12M5           |   0.000|
extrram_addr<16>|        26.427(R)|      SLOW  |         5.281(R)|      FAST  |clk12M5           |   0.000|
                |        23.413(F)|      SLOW  |         5.540(F)|      FAST  |clk12M5           |   0.000|
extrram_addr<17>|        27.909(R)|      SLOW  |         6.470(R)|      FAST  |clk12M5           |   0.000|
                |        24.895(F)|      SLOW  |         6.639(F)|      FAST  |clk12M5           |   0.000|
extrram_addr<18>|        24.259(R)|      SLOW  |         7.385(R)|      FAST  |clk12M5           |   0.000|
                |        20.559(F)|      SLOW  |         6.492(F)|      FAST  |clk12M5           |   0.000|
extrram_addr<19>|        25.275(R)|      SLOW  |         6.954(R)|      FAST  |clk12M5           |   0.000|
                |        21.575(F)|      SLOW  |         6.980(F)|      FAST  |clk12M5           |   0.000|
extrram_data<0> |        13.180(F)|      SLOW  |         1.760(F)|      FAST  |clk12M5           |   0.000|
extrram_data<1> |        13.180(F)|      SLOW  |         1.760(F)|      FAST  |clk12M5           |   0.000|
extrram_data<2> |        13.994(F)|      SLOW  |         1.837(F)|      FAST  |clk12M5           |   0.000|
extrram_data<3> |        13.994(F)|      SLOW  |         1.837(F)|      FAST  |clk12M5           |   0.000|
extrram_data<4> |        13.802(F)|      SLOW  |         1.888(F)|      FAST  |clk12M5           |   0.000|
extrram_data<5> |        13.802(F)|      SLOW  |         1.888(F)|      FAST  |clk12M5           |   0.000|
extrram_data<6> |        13.937(F)|      SLOW  |         1.837(F)|      FAST  |clk12M5           |   0.000|
extrram_data<7> |        14.377(F)|      SLOW  |         1.888(F)|      FAST  |clk12M5           |   0.000|
extrram_data<8> |        11.981(F)|      SLOW  |         1.888(F)|      FAST  |clk12M5           |   0.000|
extrram_data<9> |        11.981(F)|      SLOW  |         1.888(F)|      FAST  |clk12M5           |   0.000|
extrram_data<10>|        15.701(F)|      SLOW  |         1.837(F)|      FAST  |clk12M5           |   0.000|
extrram_data<11>|        15.767(F)|      SLOW  |         1.837(F)|      FAST  |clk12M5           |   0.000|
extrram_data<12>|        12.496(F)|      SLOW  |         1.888(F)|      FAST  |clk12M5           |   0.000|
extrram_data<13>|        15.967(F)|      SLOW  |         1.837(F)|      FAST  |clk12M5           |   0.000|
extrram_data<14>|        12.469(F)|      SLOW  |         1.837(F)|      FAST  |clk12M5           |   0.000|
extrram_data<15>|        12.108(F)|      SLOW  |         1.837(F)|      FAST  |clk12M5           |   0.000|
extrram_data<16>|        11.578(F)|      SLOW  |         1.760(F)|      FAST  |clk12M5           |   0.000|
extrram_data<17>|        11.578(F)|      SLOW  |         1.760(F)|      FAST  |clk12M5           |   0.000|
extrram_data<18>|        11.112(F)|      SLOW  |         1.760(F)|      FAST  |clk12M5           |   0.000|
extrram_data<19>|        11.358(F)|      SLOW  |         1.760(F)|      FAST  |clk12M5           |   0.000|
extrram_data<20>|        11.358(F)|      SLOW  |         1.760(F)|      FAST  |clk12M5           |   0.000|
extrram_data<21>|        10.845(F)|      SLOW  |         1.760(F)|      FAST  |clk12M5           |   0.000|
extrram_data<22>|        11.815(F)|      SLOW  |         1.760(F)|      FAST  |clk12M5           |   0.000|
extrram_data<23>|        11.815(F)|      SLOW  |         1.760(F)|      FAST  |clk12M5           |   0.000|
extrram_data<24>|        14.377(F)|      SLOW  |         1.888(F)|      FAST  |clk12M5           |   0.000|
extrram_data<25>|        14.561(F)|      SLOW  |         1.837(F)|      FAST  |clk12M5           |   0.000|
extrram_data<26>|        15.448(F)|      SLOW  |         1.888(F)|      FAST  |clk12M5           |   0.000|
extrram_data<27>|        15.448(F)|      SLOW  |         1.888(F)|      FAST  |clk12M5           |   0.000|
extrram_data<28>|        15.153(F)|      SLOW  |         1.837(F)|      FAST  |clk12M5           |   0.000|
extrram_data<29>|        16.117(F)|      SLOW  |         1.837(F)|      FAST  |clk12M5           |   0.000|
extrram_data<30>|        16.117(F)|      SLOW  |         1.837(F)|      FAST  |clk12M5           |   0.000|
extrram_data<31>|        12.487(F)|      SLOW  |         1.888(F)|      FAST  |clk12M5           |   0.000|
extrram_oe      |        11.340(R)|      SLOW  |         6.036(R)|      FAST  |clk12M5           |   0.000|
                |        12.761(F)|      SLOW  |         6.816(F)|      FAST  |clk12M5           |   0.000|
extrram_we      |        11.914(R)|      SLOW  |         6.367(R)|      FAST  |clk12M5           |   0.000|
                |        13.086(F)|      SLOW  |         7.052(F)|      FAST  |clk12M5           |   0.000|
gOut<0>         |        20.720(R)|      SLOW  |         6.031(R)|      FAST  |clk50M            |   0.000|
gOut<1>         |        18.945(R)|      SLOW  |         5.201(R)|      FAST  |clk50M            |   0.000|
gOut<2>         |        19.736(R)|      SLOW  |         5.204(R)|      FAST  |clk50M            |   0.000|
hs              |         4.561(R)|      SLOW  |         2.025(R)|      FAST  |clk50M            |   0.000|
rOut<0>         |        17.865(R)|      SLOW  |         4.708(R)|      FAST  |clk50M            |   0.000|
rOut<1>         |        16.382(R)|      SLOW  |         4.340(R)|      FAST  |clk50M            |   0.000|
rOut<2>         |        16.518(R)|      SLOW  |         4.129(R)|      FAST  |clk50M            |   0.000|
vs              |         4.563(R)|      SLOW  |         2.027(R)|      FAST  |clk50M            |   0.000|
----------------+-----------------+------------+-----------------+------------+------------------+--------+

Clock ps2clk to Pad
------------+-----------------+------------+-----------------+------------+------------------+--------+
            |Max (slowest) clk|  Process   |Min (fastest) clk|  Process   |                  | Clock  |
Destination |  (edge) to PAD  |   Corner   |  (edge) to PAD  |   Corner   |Internal Clock(s) | Phase  |
------------+-----------------+------------+-----------------+------------+------------------+--------+
TxD         |        11.904(R)|      SLOW  |         4.846(R)|      FAST  |ps2clk_BUFGP      |   0.000|
U_TxD       |        11.678(R)|      SLOW  |         4.336(R)|      FAST  |ps2clk_BUFGP      |   0.000|
------------+-----------------+------------+-----------------+------------+------------------+--------+

Clock to Setup on destination clock clkin
---------------+---------+---------+---------+---------+
               | Src:Rise| Src:Fall| Src:Rise| Src:Fall|
Source Clock   |Dest:Rise|Dest:Rise|Dest:Fall|Dest:Fall|
---------------+---------+---------+---------+---------+
clkin          |   32.024|   29.006|   24.484|   20.542|
ps2clk         |    9.693|         |    5.955|         |
---------------+---------+---------+---------+---------+

Clock to Setup on destination clock ps2clk
---------------+---------+---------+---------+---------+
               | Src:Rise| Src:Fall| Src:Rise| Src:Fall|
Source Clock   |Dest:Rise|Dest:Rise|Dest:Fall|Dest:Fall|
---------------+---------+---------+---------+---------+
clkin          |         |         |         |    0.894|
ps2clk         |    5.949|    2.560|         |    2.669|
---------------+---------+---------+---------+---------+


Analysis completed Sun May 15 12:05:54 2016 
--------------------------------------------------------------------------------

Trace Settings:
-------------------------
Trace Settings 

Peak Memory Usage: 316 MB



