INFO:sim:172 - Generating IP...
Applying current project options...
Finished applying current project options.
WARNING:sim - A core named 'clkGen' already exists in the project. Output
   products for this core may be overwritten.
Resolving generics for 'clkGen'...
WARNING:sim - A core named 'clkGen' already exists in the project. Output
   products for this core may be overwritten.
Applying external generics to 'clkGen'...
Delivering associated files for 'clkGen'...
WARNING:sim - Component clk_wiz_v3_6 does not have a valid model name for VHDL
   synthesis
Delivering EJava files for 'clkGen'...
Delivered 3 files into directory
F:/OldDriver_OS/vhdl_src/OldDriver_cpu/ipcore_dir/tmp/_cg/clkGen
Delivered 1 file into directory
F:/OldDriver_OS/vhdl_src/OldDriver_cpu/ipcore_dir/tmp/_cg/clkGen
Generating ASY schematic symbol...
Loading device for application Rf_Device from file '6slx100.nph' in environment
Z:\14.7\ISE_DS\ISE\.
INFO:sim:949 - Finished generation of ASY schematic symbol.
Generating SYM schematic symbol for 'clkGen'...
Generating ISE project...
XCO file found: clkGen.xco
XMDF file found: clkGen_xmdf.tcl
Adding clkGen.asy -view all -origin_type imported
Adding clkGen.ucf -view all -origin_type created
Adding clkGen.vhd -view all -origin_type created
INFO:HDLCompiler:1061 - Parsing VHDL file
   "F:/OldDriver_OS/vhdl_src/OldDriver_cpu/ipcore_dir/tmp/_cg/clkGen.vhd" into
   library work
INFO:ProjectMgmt - Parsing design hierarchy completed successfully.
Adding clkGen.vho -view all -origin_type imported
INFO:TclTasksC:2116 - The automatic calculation of top has been turned-off.
   Please set the new top explicitly by running the "project set top" command.
   To re-calculate the new top automatically, set the "Auto Implementation Top"
   property to true.
Top level has been set to "/clkGen"
Generating README file...
Generating FLIST file...
INFO:sim:948 - Finished FLIST file generation.
Launching README viewer...
Moving files to output directory...
Finished moving files to output directory
Wrote CGP file for project 'clkGen'.
